Arguments: 
  D:\Program Files (x86)\nodejs\node.exe C:\Users\Administrator\AppData\Roaming\npm\node_modules\yarn\bin\yarn.js add css-loader style-loader --dev

PATH: 
  C:\Ruby22-x64\bin;C:\Windows\system32;C:\Windows;C:\Windows\System32\Wbem;C:\Windows\System32\WindowsPowerShell\v1.0\;C:\Program Files\Git\cmd;D:\Program Files (x86)\nodejs\;C:\Program Files\nodejs\npm;E:\安装\Microsoft VS Code\bin;C:\Users\Administrator\AppData\Roaming\npm;D:\Program Files\Microsoft VS Code Insiders\bin

Yarn version: 
  1.21.1

Node version: 
  12.16.1

Platform: 
  win32 x64

Trace: 
  Error: https://registry.npmjs.org/_acorn: Not found
      at Request.params.callback [as _callback] (C:\Users\Administrator\AppData\Roaming\npm\node_modules\yarn\lib\cli.js:66947:18)
      at Request.self.callback (C:\Users\Administrator\AppData\Roaming\npm\node_modules\yarn\lib\cli.js:140665:22)
      at Request.emit (events.js:311:20)
      at Request.<anonymous> (C:\Users\Administrator\AppData\Roaming\npm\node_modules\yarn\lib\cli.js:141637:10)
      at Request.emit (events.js:311:20)
      at IncomingMessage.<anonymous> (C:\Users\Administrator\AppData\Roaming\npm\node_modules\yarn\lib\cli.js:141559:12)
      at Object.onceWrapper (events.js:417:28)
      at IncomingMessage.emit (events.js:323:22)
      at endReadableNT (_stream_readable.js:1204:12)
      at processTicksAndRejections (internal/process/task_queues.js:84:21)

npm manifest: 
  {
    "name": "webpack_code",
    "version": "1.0.0",
    "description": "",
    "main": "index.js",
    "dependencies": {
      "_acorn@6.4.1@acorn": "^6.4.1",
      "_ajv-errors@1.0.1@ajv-errors": "^1.0.1",
      "_ajv-keywords@3.4.1@ajv-keywords": "^3.4.1",
      "_ajv@6.12.2@ajv": "^6.12.2",
      "_ansi-regex@4.1.0@ansi-regex": "^4.1.0",
      "_ansi-styles@3.2.1@ansi-styles": "^3.2.1",
      "_anymatch@2.0.0@anymatch": "^2.0.0",
      "_aproba@1.2.0@aproba": "^1.2.0",
      "_arr-diff@4.0.0@arr-diff": "^4.0.0",
      "_arr-flatten@1.1.0@arr-flatten": "^1.1.0",
      "_arr-union@3.1.0@arr-union": "^3.1.0",
      "_array-unique@0.3.2@array-unique": "^0.3.2",
      "_asn1.js@4.10.1@asn1.js": "^4.10.1",
      "_assert@1.5.0@assert": "^1.5.0",
      "_assign-symbols@1.0.0@assign-symbols": "^1.0.0",
      "_async-each@1.0.3@async-each": "^1.0.3",
      "_atob@2.1.2@atob": "^2.1.2",
      "_balanced-match@1.0.0@balanced-match": "^1.0.0",
      "_base64-js@1.3.1@base64-js": "^1.3.1",
      "_base@0.11.2@base": "^0.11.2",
      "_big.js@5.2.2@big.js": "^5.2.2",
      "_binary-extensions@1.13.1@binary-extensions": "^1.13.1",
      "_bluebird@3.7.2@bluebird": "^3.7.2",
      "_bn.js@4.11.8@bn.js": "^4.11.8",
      "_bn.js@5.1.1@bn.js": "^5.1.1",
      "_brace-expansion@1.1.11@brace-expansion": "^1.1.11",
      "_braces@2.3.2@braces": "^2.3.2",
      "_brorand@1.1.0@brorand": "^1.1.0",
      "_browserify-aes@1.2.0@browserify-aes": "^1.2.0",
      "_browserify-cipher@1.0.1@browserify-cipher": "^1.0.1",
      "_browserify-des@1.0.2@browserify-des": "^1.0.2",
      "_browserify-rsa@4.0.1@browserify-rsa": "^4.0.1",
      "_browserify-sign@4.1.0@browserify-sign": "^4.1.0",
      "_browserify-zlib@0.2.0@browserify-zlib": "^0.2.0",
      "_buffer-from@1.1.1@buffer-from": "^1.1.1",
      "_buffer-xor@1.0.3@buffer-xor": "^1.0.3",
      "_buffer@4.9.2@buffer": "^4.9.2",
      "_builtin-status-codes@3.0.0@builtin-status-codes": "^3.0.0",
      "_cacache@12.0.4@cacache": "^12.0.4",
      "_cache-base@1.0.1@cache-base": "^1.0.1",
      "_camelcase@5.3.1@camelcase": "^5.3.1",
      "_chalk@2.4.2@chalk": "^2.4.2",
      "_chokidar@2.1.8@chokidar": "^2.1.8",
      "_chownr@1.1.4@chownr": "^1.1.4",
      "_chrome-trace-event@1.0.2@chrome-trace-event": "^1.0.2",
      "_cipher-base@1.0.4@cipher-base": "^1.0.4",
      "_class-utils@0.3.6@class-utils": "^0.3.6",
      "_cliui@5.0.0@cliui": "^5.0.0",
      "_collection-visit@1.0.0@collection-visit": "^1.0.0",
      "_color-convert@1.9.3@color-convert": "^1.9.3",
      "_color-name@1.1.3@color-name": "^1.1.3",
      "_commander@2.20.3@commander": "^2.20.3",
      "_commondir@1.0.1@commondir": "^1.0.1",
      "_component-emitter@1.3.0@component-emitter": "^1.3.0",
      "_concat-map@0.0.1@concat-map": "^0.0.1",
      "_concat-stream@1.6.2@concat-stream": "^1.6.2",
      "_console-browserify@1.2.0@console-browserify": "^1.2.0",
      "_constants-browserify@1.0.0@constants-browserify": "^1.0.0",
      "_copy-concurrently@1.0.5@copy-concurrently": "^1.0.5",
      "_copy-descriptor@0.1.1@copy-descriptor": "^0.1.1",
      "_core-util-is@1.0.2@core-util-is": "^1.0.2",
      "_create-ecdh@4.0.3@create-ecdh": "^4.0.3",
      "_create-hash@1.2.0@create-hash": "^1.2.0",
      "_create-hmac@1.1.7@create-hmac": "^1.1.7",
      "_cross-spawn@6.0.5@cross-spawn": "^6.0.5",
      "_crypto-browserify@3.12.0@crypto-browserify": "^3.12.0",
      "_css-loader@3.5.3@css-loader": "^3.5.3",
      "_cssesc@3.0.0@cssesc": "^3.0.0",
      "_cyclist@1.0.1@cyclist": "^1.0.1",
      "_debug@2.6.9@debug": "^2.6.9",
      "_decamelize@1.2.0@decamelize": "^1.2.0",
      "_decode-uri-component@0.2.0@decode-uri-component": "^0.2.0",
      "_define-property@0.2.5@define-property": "^0.2.5",
      "_define-property@1.0.0@define-property": "^1.0.0",
      "_define-property@2.0.2@define-property": "^2.0.2",
      "_des.js@1.0.1@des.js": "^1.0.1",
      "_detect-file@1.0.0@detect-file": "^1.0.0",
      "_diffie-hellman@5.0.3@diffie-hellman": "^5.0.3",
      "_domain-browser@1.2.0@domain-browser": "^1.2.0",
      "_duplexify@3.7.1@duplexify": "^3.7.1",
      "_elliptic@6.5.2@elliptic": "^6.5.2",
      "_emoji-regex@7.0.3@emoji-regex": "^7.0.3",
      "_emojis-list@2.1.0@emojis-list": "^2.1.0",
      "_emojis-list@3.0.0@emojis-list": "^3.0.0",
      "_end-of-stream@1.4.4@end-of-stream": "^1.4.4",
      "_enhanced-resolve@4.1.0@enhanced-resolve": "^4.1.0",
      "_enhanced-resolve@4.1.1@enhanced-resolve": "^4.1.1",
      "_errno@0.1.7@errno": "^0.1.7",
      "_escape-string-regexp@1.0.5@escape-string-regexp": "^1.0.5",
      "_eslint-scope@4.0.3@eslint-scope": "^4.0.3",
      "_esrecurse@4.2.1@esrecurse": "^4.2.1",
      "_estraverse@4.3.0@estraverse": "^4.3.0",
      "_events@3.1.0@events": "^3.1.0",
      "_evp_bytestokey@1.0.3@evp_bytestokey": "^1.0.3",
      "_execa@1.0.0@execa": "^1.0.0",
      "_expand-brackets@2.1.4@expand-brackets": "^2.1.4",
      "_expand-tilde@2.0.2@expand-tilde": "^2.0.2",
      "_extend-shallow@2.0.1@extend-shallow": "^2.0.1",
      "_extend-shallow@3.0.2@extend-shallow": "^3.0.2",
      "_extglob@2.0.4@extglob": "^2.0.4",
      "_fast-deep-equal@3.1.1@fast-deep-equal": "^3.1.1",
      "_fast-json-stable-stringify@2.1.0@fast-json-stable-stringify": "^2.1.0",
      "_figgy-pudding@3.5.2@figgy-pudding": "^3.5.2",
      "_fill-range@4.0.0@fill-range": "^4.0.0",
      "_find-cache-dir@2.1.0@find-cache-dir": "^2.1.0",
      "_find-up@3.0.0@find-up": "^3.0.0",
      "_findup-sync@3.0.0@findup-sync": "^3.0.0",
      "_flush-write-stream@1.1.1@flush-write-stream": "^1.1.1",
      "_for-in@1.0.2@for-in": "^1.0.2",
      "_fragment-cache@0.2.1@fragment-cache": "^0.2.1",
      "_from2@2.3.0@from2": "^2.3.0",
      "_fs-write-stream-atomic@1.0.10@fs-write-stream-atomic": "^1.0.10",
      "_fs.realpath@1.0.0@fs.realpath": "^1.0.0",
      "_fsevents@1.2.13@fsevents": "^1.2.13",
      "_get-caller-file@2.0.5@get-caller-file": "^2.0.5",
      "_get-stream@4.1.0@get-stream": "^4.1.0",
      "_get-value@2.0.6@get-value": "^2.0.6",
      "_glob-parent@3.1.0@glob-parent": "^3.1.0",
      "_glob@7.1.6@glob": "^7.1.6",
      "_global-modules@1.0.0@global-modules": "^1.0.0",
      "_global-modules@2.0.0@global-modules": "^2.0.0",
      "_global-prefix@1.0.2@global-prefix": "^1.0.2",
      "_global-prefix@3.0.0@global-prefix": "^3.0.0",
      "_graceful-fs@4.2.4@graceful-fs": "^4.2.4",
      "_has-flag@3.0.0@has-flag": "^3.0.0",
      "_has-value@0.3.1@has-value": "^0.3.1",
      "_has-value@1.0.0@has-value": "^1.0.0",
      "_has-values@0.1.4@has-values": "^0.1.4",
      "_has-values@1.0.0@has-values": "^1.0.0",
      "_hash-base@3.1.0@hash-base": "^3.1.0",
      "_hash.js@1.1.7@hash.js": "^1.1.7",
      "_hmac-drbg@1.0.1@hmac-drbg": "^1.0.1",
      "_homedir-polyfill@1.0.3@homedir-polyfill": "^1.0.3",
      "_https-browserify@1.0.0@https-browserify": "^1.0.0",
      "_icss-utils@4.1.1@icss-utils": "^4.1.1",
      "_ieee754@1.1.13@ieee754": "^1.1.13",
      "_iferr@0.1.5@iferr": "^0.1.5",
      "_import-local@2.0.0@import-local": "^2.0.0",
      "_imurmurhash@0.1.4@imurmurhash": "^0.1.4",
      "_indexes-of@1.0.1@indexes-of": "^1.0.1",
      "_infer-owner@1.0.4@infer-owner": "^1.0.4",
      "_inflight@1.0.6@inflight": "^1.0.6",
      "_inherits@2.0.1@inherits": "^2.0.1",
      "_inherits@2.0.3@inherits": "^2.0.3",
      "_inherits@2.0.4@inherits": "^2.0.4",
      "_ini@1.3.5@ini": "^1.3.5",
      "_interpret@1.2.0@interpret": "^1.2.0",
      "_invert-kv@2.0.0@invert-kv": "^2.0.0",
      "_is-accessor-descriptor@0.1.6@is-accessor-descriptor": "^0.1.6",
      "_is-accessor-descriptor@1.0.0@is-accessor-descriptor": "^1.0.0",
      "_is-binary-path@1.0.1@is-binary-path": "^1.0.1",
      "_is-buffer@1.1.6@is-buffer": "^1.1.6",
      "_is-data-descriptor@0.1.4@is-data-descriptor": "^0.1.4",
      "_is-data-descriptor@1.0.0@is-data-descriptor": "^1.0.0",
      "_is-descriptor@0.1.6@is-descriptor": "^0.1.6",
      "_is-descriptor@1.0.2@is-descriptor": "^1.0.2",
      "_is-extendable@0.1.1@is-extendable": "^0.1.1",
      "_is-extendable@1.0.1@is-extendable": "^1.0.1",
      "_is-extglob@2.1.1@is-extglob": "^2.1.1",
      "_is-fullwidth-code-point@2.0.0@is-fullwidth-code-point": "^2.0.0",
      "_is-glob@3.1.0@is-glob": "^3.1.0",
      "_is-glob@4.0.1@is-glob": "^4.0.1",
      "_is-number@3.0.0@is-number": "^3.0.0",
      "_is-plain-object@2.0.4@is-plain-object": "^2.0.4",
      "_is-stream@1.1.0@is-stream": "^1.1.0",
      "_is-windows@1.0.2@is-windows": "^1.0.2",
      "_is-wsl@1.1.0@is-wsl": "^1.1.0",
      "_isarray@1.0.0@isarray": "^1.0.0",
      "_isexe@2.0.0@isexe": "^2.0.0",
      "_isobject@2.1.0@isobject": "^2.1.0",
      "_isobject@3.0.1@isobject": "^3.0.1",
      "_json-parse-better-errors@1.0.2@json-parse-better-errors": "^1.0.2",
      "_json-schema-traverse@0.4.1@json-schema-traverse": "^0.4.1",
      "_json5@1.0.1@json5": "^1.0.1",
      "_json5@2.1.3@json5": "^2.1.3",
      "_kind-of@3.2.2@kind-of": "^3.2.2",
      "_kind-of@4.0.0@kind-of": "^4.0.0",
      "_kind-of@5.1.0@kind-of": "^5.1.0",
      "_kind-of@6.0.3@kind-of": "^6.0.3",
      "_lcid@2.0.0@lcid": "^2.0.0",
      "_loader-runner@2.4.0@loader-runner": "^2.4.0",
      "_loader-utils@1.2.3@loader-utils": "^1.2.3",
      "_loader-utils@1.4.0@loader-utils": "^1.4.0",
      "_loader-utils@2.0.0@loader-utils": "^2.0.0",
      "_locate-path@3.0.0@locate-path": "^3.0.0",
      "_lru-cache@5.1.1@lru-cache": "^5.1.1",
      "_make-dir@2.1.0@make-dir": "^2.1.0",
      "_map-age-cleaner@0.1.3@map-age-cleaner": "^0.1.3",
      "_map-cache@0.2.2@map-cache": "^0.2.2",
      "_map-visit@1.0.0@map-visit": "^1.0.0",
      "_md5.js@1.3.5@md5.js": "^1.3.5",
      "_mem@4.3.0@mem": "^4.3.0",
      "_memory-fs@0.4.1@memory-fs": "^0.4.1",
      "_memory-fs@0.5.0@memory-fs": "^0.5.0",
      "_micromatch@3.1.10@micromatch": "^3.1.10",
      "_miller-rabin@4.0.1@miller-rabin": "^4.0.1",
      "_mimic-fn@2.1.0@mimic-fn": "^2.1.0",
      "_minimalistic-assert@1.0.1@minimalistic-assert": "^1.0.1",
      "_minimalistic-crypto-utils@1.0.1@minimalistic-crypto-utils": "^1.0.1",
      "_minimatch@3.0.4@minimatch": "^3.0.4",
      "_minimist@1.2.5@minimist": "^1.2.5",
      "_mississippi@3.0.0@mississippi": "^3.0.0",
      "_mixin-deep@1.3.2@mixin-deep": "^1.3.2",
      "_mkdirp@0.5.5@mkdirp": "^0.5.5",
      "_move-concurrently@1.0.1@move-concurrently": "^1.0.1",
      "_ms@2.0.0@ms": "^2.0.0",
      "_nanomatch@1.2.13@nanomatch": "^1.2.13",
      "_neo-async@2.6.1@neo-async": "^2.6.1",
      "_nice-try@1.0.5@nice-try": "^1.0.5",
      "_node-libs-browser@2.2.1@node-libs-browser": "^2.2.1",
      "_normalize-path@2.1.1@normalize-path": "^2.1.1",
      "_normalize-path@3.0.0@normalize-path": "^3.0.0",
      "_npm-run-path@2.0.2@npm-run-path": "^2.0.2",
      "_object-assign@4.1.1@object-assign": "^4.1.1",
      "_object-copy@0.1.0@object-copy": "^0.1.0",
      "_object-visit@1.0.1@object-visit": "^1.0.1",
      "_object.pick@1.3.0@object.pick": "^1.3.0",
      "_once@1.4.0@once": "^1.4.0",
      "_os-browserify@0.3.0@os-browserify": "^0.3.0",
      "_os-locale@3.1.0@os-locale": "^3.1.0",
      "_p-defer@1.0.0@p-defer": "^1.0.0",
      "_p-finally@1.0.0@p-finally": "^1.0.0",
      "_p-is-promise@2.1.0@p-is-promise": "^2.1.0",
      "_p-limit@2.3.0@p-limit": "^2.3.0",
      "_p-locate@3.0.0@p-locate": "^3.0.0",
      "_p-try@2.2.0@p-try": "^2.2.0",
      "_pako@1.0.11@pako": "^1.0.11",
      "_parallel-transform@1.2.0@parallel-transform": "^1.2.0",
      "_parse-asn1@5.1.5@parse-asn1": "^5.1.5",
      "_parse-passwd@1.0.0@parse-passwd": "^1.0.0",
      "_pascalcase@0.1.1@pascalcase": "^0.1.1",
      "_path-browserify@0.0.1@path-browserify": "^0.0.1",
      "_path-dirname@1.0.2@path-dirname": "^1.0.2",
      "_path-exists@3.0.0@path-exists": "^3.0.0",
      "_path-is-absolute@1.0.1@path-is-absolute": "^1.0.1",
      "_path-key@2.0.1@path-key": "^2.0.1",
      "_pbkdf2@3.0.17@pbkdf2": "^3.0.17",
      "_pify@4.0.1@pify": "^4.0.1",
      "_pkg-dir@3.0.0@pkg-dir": "^3.0.0",
      "_posix-character-classes@0.1.1@posix-character-classes": "^0.1.1",
      "_postcss-modules-extract-imports@2.0.0@postcss-modules-extract-imports": "^2.0.0",
      "_postcss-modules-local-by-default@3.0.2@postcss-modules-local-by-default": "^3.0.2",
      "_postcss-modules-scope@2.2.0@postcss-modules-scope": "^2.2.0",
      "_postcss-modules-values@3.0.0@postcss-modules-values": "^3.0.0",
      "_postcss-selector-parser@6.0.2@postcss-selector-parser": "^6.0.2",
      "_postcss-value-parser@4.1.0@postcss-value-parser": "^4.1.0",
      "_postcss@7.0.29@postcss": "^7.0.29",
      "_process-nextick-args@2.0.1@process-nextick-args": "^2.0.1",
      "_process@0.11.10@process": "^0.11.10",
      "_promise-inflight@1.0.1@promise-inflight": "^1.0.1",
      "_prr@1.0.1@prr": "^1.0.1",
      "_public-encrypt@4.0.3@public-encrypt": "^4.0.3",
      "_pump@2.0.1@pump": "^2.0.1",
      "_pump@3.0.0@pump": "^3.0.0",
      "_pumpify@1.5.1@pumpify": "^1.5.1",
      "_punycode@1.3.2@punycode": "^1.3.2",
      "_punycode@1.4.1@punycode": "^1.4.1",
      "_punycode@2.1.1@punycode": "^2.1.1",
      "_querystring-es3@0.2.1@querystring-es3": "^0.2.1",
      "_querystring@0.2.0@querystring": "^0.2.0",
      "_randombytes@2.1.0@randombytes": "^2.1.0",
      "_randomfill@1.0.4@randomfill": "^1.0.4",
      "_readable-stream@2.3.7@readable-stream": "^2.3.7",
      "_readable-stream@3.6.0@readable-stream": "^3.6.0",
      "_readdirp@2.2.1@readdirp": "^2.2.1",
      "_regex-not@1.0.2@regex-not": "^1.0.2",
      "_remove-trailing-separator@1.1.0@remove-trailing-separator": "^1.1.0",
      "_repeat-element@1.1.3@repeat-element": "^1.1.3",
      "_repeat-string@1.6.1@repeat-string": "^1.6.1",
      "_require-directory@2.1.1@require-directory": "^2.1.1",
      "_require-main-filename@2.0.0@require-main-filename": "^2.0.0",
      "_resolve-cwd@2.0.0@resolve-cwd": "^2.0.0",
      "_resolve-dir@1.0.1@resolve-dir": "^1.0.1",
      "_resolve-from@3.0.0@resolve-from": "^3.0.0",
      "_resolve-url@0.2.1@resolve-url": "^0.2.1",
      "_ret@0.1.15@ret": "^0.1.15",
      "_rimraf@2.7.1@rimraf": "^2.7.1",
      "_ripemd160@2.0.2@ripemd160": "^2.0.2",
      "_run-queue@1.0.3@run-queue": "^1.0.3",
      "_safe-buffer@5.1.2@safe-buffer": "^5.1.2",
      "_safe-buffer@5.2.1@safe-buffer": "^5.2.1",
      "_safe-regex@1.1.0@safe-regex": "^1.1.0",
      "_schema-utils@1.0.0@schema-utils": "^1.0.0",
      "_schema-utils@2.6.6@schema-utils": "^2.6.6",
      "_semver@5.7.1@semver": "^5.7.1",
      "_semver@6.3.0@semver": "^6.3.0",
      "_serialize-javascript@2.1.2@serialize-javascript": "^2.1.2",
      "_set-blocking@2.0.0@set-blocking": "^2.0.0",
      "_set-value@2.0.1@set-value": "^2.0.1",
      "_setimmediate@1.0.5@setimmediate": "^1.0.5",
      "_sha.js@2.4.11@sha.js": "^2.4.11",
      "_shebang-command@1.2.0@shebang-command": "^1.2.0",
      "_shebang-regex@1.0.0@shebang-regex": "^1.0.0",
      "_signal-exit@3.0.3@signal-exit": "^3.0.3",
      "_snapdragon-node@2.1.1@snapdragon-node": "^2.1.1",
      "_snapdragon-util@3.0.1@snapdragon-util": "^3.0.1",
      "_snapdragon@0.8.2@snapdragon": "^0.8.2",
      "_source-list-map@2.0.1@source-list-map": "^2.0.1",
      "_source-map-resolve@0.5.3@source-map-resolve": "^0.5.3",
      "_source-map-support@0.5.19@source-map-support": "^0.5.19",
      "_source-map-url@0.4.0@source-map-url": "^0.4.0",
      "_source-map@0.5.7@source-map": "^0.5.7",
      "_source-map@0.6.1@source-map": "^0.6.1",
      "_split-string@3.1.0@split-string": "^3.1.0",
      "_ssri@6.0.1@ssri": "^6.0.1",
      "_static-extend@0.1.2@static-extend": "^0.1.2",
      "_stream-browserify@2.0.2@stream-browserify": "^2.0.2",
      "_stream-each@1.2.3@stream-each": "^1.2.3",
      "_stream-http@2.8.3@stream-http": "^2.8.3",
      "_stream-shift@1.0.1@stream-shift": "^1.0.1",
      "_string-width@3.1.0@string-width": "^3.1.0",
      "_string_decoder@1.1.1@string_decoder": "^1.1.1",
      "_string_decoder@1.3.0@string_decoder": "^1.3.0",
      "_strip-ansi@5.2.0@strip-ansi": "^5.2.0",
      "_strip-eof@1.0.0@strip-eof": "^1.0.0",
      "_style-loader@1.2.1@style-loader": "^1.2.1",
      "_supports-color@5.5.0@supports-color": "^5.5.0",
      "_supports-color@6.1.0@supports-color": "^6.1.0",
      "_tapable@1.1.3@tapable": "^1.1.3",
      "_terser-webpack-plugin@1.4.3@terser-webpack-plugin": "^1.4.3",
      "_terser@4.6.13@terser": "^4.6.13",
      "_through2@2.0.5@through2": "^2.0.5",
      "_timers-browserify@2.0.11@timers-browserify": "^2.0.11",
      "_to-arraybuffer@1.0.1@to-arraybuffer": "^1.0.1",
      "_to-object-path@0.3.0@to-object-path": "^0.3.0",
      "_to-regex-range@2.1.1@to-regex-range": "^2.1.1",
      "_to-regex@3.0.2@to-regex": "^3.0.2",
      "_tslib@1.11.2@tslib": "^1.11.2",
      "_tty-browserify@0.0.0@tty-browserify": "^0.0.0",
      "_typedarray@0.0.6@typedarray": "^0.0.6",
      "_union-value@1.0.1@union-value": "^1.0.1",
      "_uniq@1.0.1@uniq": "^1.0.1",
      "_unique-filename@1.1.1@unique-filename": "^1.1.1",
      "_unique-slug@2.0.2@unique-slug": "^2.0.2",
      "_unset-value@1.0.0@unset-value": "^1.0.0",
      "_upath@1.2.0@upath": "^1.2.0",
      "_uri-js@4.2.2@uri-js": "^4.2.2",
      "_urix@0.1.0@urix": "^0.1.0",
      "_url@0.11.0@url": "^0.11.0",
      "_use@3.1.1@use": "^3.1.1",
      "_util-deprecate@1.0.2@util-deprecate": "^1.0.2",
      "_util@0.10.3@util": "^0.10.3",
      "_util@0.11.1@util": "^0.11.1",
      "_v8-compile-cache@2.0.3@v8-compile-cache": "^2.0.3",
      "_vm-browserify@1.1.2@vm-browserify": "^1.1.2",
      "_watchpack@1.6.1@watchpack": "^1.6.1",
      "_webpack-cli@3.3.11@webpack-cli": "^3.3.11",
      "_webpack-sources@1.4.3@webpack-sources": "^1.4.3",
      "_webpack@4.43.0@webpack": "^4.43.0",
      "_which-module@2.0.0@which-module": "^2.0.0",
      "_which@1.3.1@which": "^1.3.1",
      "_worker-farm@1.7.0@worker-farm": "^1.7.0",
      "_wrap-ansi@5.1.0@wrap-ansi": "^5.1.0",
      "_wrappy@1.0.2@wrappy": "^1.0.2",
      "_xtend@4.0.2@xtend": "^4.0.2",
      "_y18n@4.0.0@y18n": "^4.0.0",
      "_yallist@3.1.1@yallist": "^3.1.1",
      "_yargs-parser@13.1.2@yargs-parser": "^13.1.2",
      "_yargs@13.2.4@yargs": "^13.2.4",
      "acorn": "^6.4.1",
      "ajv": "^6.12.2",
      "ajv-errors": "^1.0.1",
      "ajv-keywords": "^3.4.1",
      "ansi-regex": "^4.1.0",
      "ansi-styles": "^3.2.1",
      "anymatch": "^2.0.0",
      "aproba": "^1.2.0",
      "arr-diff": "^4.0.0",
      "arr-flatten": "^1.1.0",
      "arr-union": "^3.1.0",
      "array-unique": "^0.3.2",
      "asn1.js": "^4.10.1",
      "assert": "^1.5.0",
      "assign-symbols": "^1.0.0",
      "async-each": "^1.0.3",
      "atob": "^2.1.2",
      "balanced-match": "^1.0.0",
      "base": "^0.11.2",
      "base64-js": "^1.3.1",
      "big.js": "^5.2.2",
      "binary-extensions": "^1.13.1",
      "bluebird": "^3.7.2",
      "bn.js": "^4.11.8",
      "brace-expansion": "^1.1.11",
      "braces": "^2.3.2",
      "brorand": "^1.1.0",
      "browserify-aes": "^1.2.0",
      "browserify-cipher": "^1.0.1",
      "browserify-des": "^1.0.2",
      "browserify-rsa": "^4.0.1",
      "browserify-sign": "^4.1.0",
      "browserify-zlib": "^0.2.0",
      "buffer": "^4.9.2",
      "buffer-from": "^1.1.1",
      "buffer-xor": "^1.0.3",
      "builtin-status-codes": "^3.0.0",
      "cacache": "^12.0.4",
      "cache-base": "^1.0.1",
      "camelcase": "^5.3.1",
      "chalk": "^2.4.2",
      "chokidar": "^2.1.8",
      "chownr": "^1.1.4",
      "chrome-trace-event": "^1.0.2",
      "cipher-base": "^1.0.4",
      "class-utils": "^0.3.6",
      "cliui": "^5.0.0",
      "collection-visit": "^1.0.0",
      "color-convert": "^1.9.3",
      "color-name": "^1.1.3",
      "commander": "^2.20.3",
      "commondir": "^1.0.1",
      "component-emitter": "^1.3.0",
      "concat-map": "^0.0.1",
      "concat-stream": "^1.6.2",
      "console-browserify": "^1.2.0",
      "constants-browserify": "^1.0.0",
      "copy-concurrently": "^1.0.5",
      "copy-descriptor": "^0.1.1",
      "core-util-is": "^1.0.2",
      "create-ecdh": "^4.0.3",
      "create-hash": "^1.2.0",
      "create-hmac": "^1.1.7",
      "cross-spawn": "^6.0.5",
      "crypto-browserify": "^3.12.0",
      "css-loader": "^3.5.3",
      "cyclist": "^1.0.1",
      "debug": "^2.6.9",
      "decamelize": "^1.2.0",
      "decode-uri-component": "^0.2.0",
      "define-property": "^0.2.5",
      "des.js": "^1.0.1",
      "detect-file": "^1.0.0",
      "diffie-hellman": "^5.0.3",
      "domain-browser": "^1.2.0",
      "duplexify": "^3.7.1",
      "elliptic": "^6.5.2",
      "emoji-regex": "^7.0.3",
      "emojis-list": "^2.1.0",
      "end-of-stream": "^1.4.4",
      "enhanced-resolve": "^4.1.0",
      "errno": "^0.1.7",
      "escape-string-regexp": "^1.0.5",
      "eslint-scope": "^4.0.3",
      "esrecurse": "^4.2.1",
      "estraverse": "^4.3.0",
      "events": "^3.1.0",
      "evp_bytestokey": "^1.0.3",
      "execa": "^1.0.0",
      "expand-brackets": "^2.1.4",
      "expand-tilde": "^2.0.2",
      "extend-shallow": "^2.0.1",
      "extglob": "^2.0.4",
      "fast-deep-equal": "^3.1.1",
      "fast-json-stable-stringify": "^2.1.0",
      "figgy-pudding": "^3.5.2",
      "fill-range": "^4.0.0",
      "find-cache-dir": "^2.1.0",
      "find-up": "^3.0.0",
      "findup-sync": "^3.0.0",
      "flush-write-stream": "^1.1.1",
      "for-in": "^1.0.2",
      "fragment-cache": "^0.2.1",
      "from2": "^2.3.0",
      "fs-write-stream-atomic": "^1.0.10",
      "fs.realpath": "^1.0.0",
      "get-caller-file": "^2.0.5",
      "get-stream": "^4.1.0",
      "get-value": "^2.0.6",
      "glob": "^7.1.6",
      "glob-parent": "^3.1.0",
      "global-modules": "^2.0.0",
      "global-prefix": "^3.0.0",
      "graceful-fs": "^4.2.4",
      "has-flag": "^3.0.0",
      "has-value": "^1.0.0",
      "has-values": "^1.0.0",
      "hash-base": "^3.1.0",
      "hash.js": "^1.1.7",
      "hmac-drbg": "^1.0.1",
      "homedir-polyfill": "^1.0.3",
      "https-browserify": "^1.0.0",
      "ieee754": "^1.1.13",
      "iferr": "^0.1.5",
      "import-local": "^2.0.0",
      "imurmurhash": "^0.1.4",
      "infer-owner": "^1.0.4",
      "inflight": "^1.0.6",
      "inherits": "^2.0.4",
      "ini": "^1.3.5",
      "interpret": "^1.2.0",
      "invert-kv": "^2.0.0",
      "is-accessor-descriptor": "^1.0.0",
      "is-binary-path": "^1.0.1",
      "is-buffer": "^1.1.6",
      "is-data-descriptor": "^1.0.0",
      "is-descriptor": "^1.0.2",
      "is-extendable": "^0.1.1",
      "is-extglob": "^2.1.1",
      "is-fullwidth-code-point": "^2.0.0",
      "is-glob": "^4.0.1",
      "is-number": "^3.0.0",
      "is-plain-object": "^2.0.4",
      "is-stream": "^1.1.0",
      "is-windows": "^1.0.2",
      "is-wsl": "^1.1.0",
      "isarray": "^1.0.0",
      "isexe": "^2.0.0",
      "isobject": "^3.0.1",
      "json-parse-better-errors": "^1.0.2",
      "json-schema-traverse": "^0.4.1",
      "json5": "^1.0.1",
      "kind-of": "^3.2.2",
      "lcid": "^2.0.0",
      "less-loader": "^6.1.0",
      "loader-runner": "^2.4.0",
      "loader-utils": "^1.2.3",
      "locate-path": "^3.0.0",
      "lru-cache": "^5.1.1",
      "make-dir": "^2.1.0",
      "map-age-cleaner": "^0.1.3",
      "map-cache": "^0.2.2",
      "map-visit": "^1.0.0",
      "md5.js": "^1.3.5",
      "mem": "^4.3.0",
      "memory-fs": "^0.4.1",
      "micromatch": "^3.1.10",
      "miller-rabin": "^4.0.1",
      "mimic-fn": "^2.1.0",
      "minimalistic-assert": "^1.0.1",
      "minimalistic-crypto-utils": "^1.0.1",
      "minimatch": "^3.0.4",
      "minimist": "^1.2.5",
      "mississippi": "^3.0.0",
      "mixin-deep": "^1.3.2",
      "mkdirp": "^0.5.5",
      "move-concurrently": "^1.0.1",
      "ms": "^2.0.0",
      "nanomatch": "^1.2.13",
      "neo-async": "^2.6.1",
      "nice-try": "^1.0.5",
      "node-libs-browser": "^2.2.1",
      "normalize-path": "^3.0.0",
      "npm-run-path": "^2.0.2",
      "object-assign": "^4.1.1",
      "object-copy": "^0.1.0",
      "object-visit": "^1.0.1",
      "object.pick": "^1.3.0",
      "once": "^1.4.0",
      "os-browserify": "^0.3.0",
      "os-locale": "^3.1.0",
      "p-defer": "^1.0.0",
      "p-finally": "^1.0.0",
      "p-is-promise": "^2.1.0",
      "p-limit": "^2.3.0",
      "p-locate": "^3.0.0",
      "p-try": "^2.2.0",
      "pako": "^1.0.11",
      "parallel-transform": "^1.2.0",
      "parse-asn1": "^5.1.5",
      "parse-passwd": "^1.0.0",
      "pascalcase": "^0.1.1",
      "path-browserify": "^0.0.1",
      "path-dirname": "^1.0.2",
      "path-exists": "^3.0.0",
      "path-is-absolute": "^1.0.1",
      "path-key": "^2.0.1",
      "pbkdf2": "^3.0.17",
      "pify": "^4.0.1",
      "pkg-dir": "^3.0.0",
      "posix-character-classes": "^0.1.1",
      "process": "^0.11.10",
      "process-nextick-args": "^2.0.1",
      "promise-inflight": "^1.0.1",
      "prr": "^1.0.1",
      "public-encrypt": "^4.0.3",
      "pump": "^3.0.0",
      "pumpify": "^1.5.1",
      "punycode": "^1.4.1",
      "querystring": "^0.2.0",
      "querystring-es3": "^0.2.1",
      "randombytes": "^2.1.0",
      "randomfill": "^1.0.4",
      "readable-stream": "^2.3.7",
      "readdirp": "^2.2.1",
      "regex-not": "^1.0.2",
      "remove-trailing-separator": "^1.1.0",
      "repeat-element": "^1.1.3",
      "repeat-string": "^1.6.1",
      "require-directory": "^2.1.1",
      "require-main-filename": "^2.0.0",
      "resolve-cwd": "^2.0.0",
      "resolve-dir": "^1.0.1",
      "resolve-from": "^3.0.0",
      "resolve-url": "^0.2.1",
      "ret": "^0.1.15",
      "rimraf": "^2.7.1",
      "ripemd160": "^2.0.2",
      "run-queue": "^1.0.3",
      "safe-buffer": "^5.2.1",
      "safe-regex": "^1.1.0",
      "schema-utils": "^1.0.0",
      "semver": "^5.7.1",
      "serialize-javascript": "^2.1.2",
      "set-blocking": "^2.0.0",
      "set-value": "^2.0.1",
      "setimmediate": "^1.0.5",
      "sha.js": "^2.4.11",
      "shebang-command": "^1.2.0",
      "shebang-regex": "^1.0.0",
      "signal-exit": "^3.0.3",
      "snapdragon": "^0.8.2",
      "snapdragon-node": "^2.1.1",
      "snapdragon-util": "^3.0.1",
      "source-list-map": "^2.0.1",
      "source-map": "^0.6.1",
      "source-map-resolve": "^0.5.3",
      "source-map-support": "^0.5.19",
      "source-map-url": "^0.4.0",
      "split-string": "^3.1.0",
      "ssri": "^6.0.1",
      "static-extend": "^0.1.2",
      "stream-browserify": "^2.0.2",
      "stream-each": "^1.2.3",
      "stream-http": "^2.8.3",
      "stream-shift": "^1.0.1",
      "string-width": "^3.1.0",
      "string_decoder": "^1.3.0",
      "strip-ansi": "^5.2.0",
      "strip-eof": "^1.0.0",
      "style-loader": "^1.2.1",
      "supports-color": "^6.1.0",
      "tapable": "^1.1.3",
      "terser": "^4.6.13",
      "terser-webpack-plugin": "^1.4.3",
      "through2": "^2.0.5",
      "timers-browserify": "^2.0.11",
      "to-arraybuffer": "^1.0.1",
      "to-object-path": "^0.3.0",
      "to-regex": "^3.0.2",
      "to-regex-range": "^2.1.1",
      "tslib": "^1.11.2",
      "tty-browserify": "^0.0.0",
      "typedarray": "^0.0.6",
      "union-value": "^1.0.1",
      "unique-filename": "^1.1.1",
      "unique-slug": "^2.0.2",
      "unset-value": "^1.0.0",
      "upath": "^1.2.0",
      "uri-js": "^4.2.2",
      "urix": "^0.1.0",
      "url": "^0.11.0",
      "use": "^3.1.1",
      "util": "^0.11.1",
      "util-deprecate": "^1.0.2",
      "v8-compile-cache": "^2.0.3",
      "vm-browserify": "^1.1.2",
      "watchpack": "^1.6.1",
      "webpack": "^4.43.0",
      "webpack-cli": "^3.3.11",
      "webpack-sources": "^1.4.3",
      "which": "^1.3.1",
      "which-module": "^2.0.0",
      "worker-farm": "^1.7.0",
      "wrap-ansi": "^5.1.0",
      "wrappy": "^1.0.2",
      "xtend": "^4.0.2",
      "y18n": "^4.0.0",
      "yallist": "^3.1.1",
      "yargs": "^13.2.4",
      "yargs-parser": "^13.1.2"
    },
    "devDependencies": {
      "file-loader": "^6.0.0",
      "html-loader": "^1.1.0",
      "html-webpack-plugin": "^4.3.0",
      "less-loader": "^6.1.0",
      "url-loader": "^4.1.0",
      "webpack": "^4.43.0",
      "webpack-cli": "^3.3.11",
      "webpack-dev-server": "^3.11.0"
    },
    "scripts": {
      "test": "echo \"Error: no test specified\" && exit 1"
    },
    "author": "",
    "license": "ISC"
  }

yarn manifest: 
  No manifest

Lockfile: 
  No lockfile
